<?xml version="1.0" encoding="UTF-8"?>
<!-- Generated by org.testng.reporters.JUnitXMLReporter -->
<testsuite ignored="0" hostname="DESKTOP-6SJFPTN" failures="1" tests="1" name="test1" time="39.265" errors="0" timestamp="23 Jun 2024 07:08:16 GMT">
  <testcase classname="io.cucumber.testng.AbstractTestNGCucumberTests" name="runScenario" time="33.681">
    <failure type="java.lang.NullPointerException" message="Cannot invoke &amp;quot;com.ajio.locators.Listt.getNewAccount()&amp;quot; because &amp;quot;com.ajio.AjioSortShirtsByMap.locators&amp;quot; is null">
      <![CDATA[java.lang.NullPointerException: Cannot invoke "com.ajio.locators.Listt.getNewAccount()" because "com.ajio.AjioSortShirtsByMap.locators" is null
at com.ajio.AjioSortShirtsByMap.navigate_to_mens_menu_and_click_on_shirts(AjioSortShirtsByMap.java:40)
at ✽.Navigate to Mens menu and click on Shirts(file:///C:/Users/karun/eclipse-workspace/Ajio/src/test/resources/features/ajioMap.feature:5)
]]>
    </failure>
  </testcase> <!-- runScenario -->
</testsuite> <!-- test1 -->
