<?xml version="1.0" encoding="UTF-8"?>
<testng-results ignored="0" total="2" passed="1" failed="1" skipped="0">
  <reporter-output>
  </reporter-output>
  <suite started-at="2024-06-23T07:07:09Z" name="Ajio" finished-at="2024-06-23T07:08:16Z" duration-ms="66980">
    <groups>
      <group name="cucumber">
        <method signature="AbstractTestNGCucumberTests.runScenario(io.cucumber.testng.PickleWrapper, io.cucumber.testng.FeatureWrapper)[pri:0, instance:com.ajio.runner.TestRunner@51dcb805]" name="runScenario" class="io.cucumber.testng.AbstractTestNGCucumberTests"/>
        <method signature="AbstractTestNGCucumberTests.runScenario(io.cucumber.testng.PickleWrapper, io.cucumber.testng.FeatureWrapper)[pri:0, instance:com.ajio.runner.TestRunner2@50b5ac82]" name="runScenario" class="io.cucumber.testng.AbstractTestNGCucumberTests"/>
      </group> <!-- cucumber -->
    </groups>
    <test started-at="2024-06-23T07:07:09Z" name="test" finished-at="2024-06-23T07:07:36Z" duration-ms="27675">
      <class name="com.ajio.runner.TestRunner">
        <test-method is-config="true" signature="setUpClass()[pri:0, instance:com.ajio.runner.TestRunner@51dcb805]" started-at="2024-06-23T07:07:09Z" name="setUpClass" finished-at="2024-06-23T07:07:10Z" duration-ms="1145" status="PASS">
          <reporter-output>
          </reporter-output>
        </test-method> <!-- setUpClass -->
        <test-method signature="runScenario(io.cucumber.testng.PickleWrapper, io.cucumber.testng.FeatureWrapper)[pri:0, instance:com.ajio.runner.TestRunner@51dcb805]" started-at="2024-06-23T07:07:10Z" name="runScenario" description="Runs Cucumber Scenarios" data-provider="scenarios" finished-at="2024-06-23T07:07:32Z" duration-ms="22449" status="PASS">
          <params>
            <param index="0">
              <value>
                <![CDATA["Sorting Mens Shirts by Lowest Price"]]>
              </value>
            </param>
            <param index="1">
              <value>
                <![CDATA["Optional[Ajio Mens Shirts]"]]>
              </value>
            </param>
          </params>
          <reporter-output>
          </reporter-output>
        </test-method> <!-- runScenario -->
        <test-method is-config="true" signature="tearDownClass()[pri:0, instance:com.ajio.runner.TestRunner@51dcb805]" started-at="2024-06-23T07:07:32Z" name="tearDownClass" finished-at="2024-06-23T07:07:36Z" duration-ms="4036" status="PASS">
          <reporter-output>
          </reporter-output>
        </test-method> <!-- tearDownClass -->
      </class> <!-- com.ajio.runner.TestRunner -->
    </test> <!-- test -->
    <test started-at="2024-06-23T07:07:36Z" name="test1" finished-at="2024-06-23T07:08:16Z" duration-ms="39265">
      <class name="com.ajio.runner.TestRunner2">
        <test-method is-config="true" signature="setUpClass()[pri:0, instance:com.ajio.runner.TestRunner2@50b5ac82]" started-at="2024-06-23T07:07:36Z" name="setUpClass" finished-at="2024-06-23T07:07:36Z" duration-ms="59" status="PASS">
          <reporter-output>
          </reporter-output>
        </test-method> <!-- setUpClass -->
        <test-method signature="runScenario(io.cucumber.testng.PickleWrapper, io.cucumber.testng.FeatureWrapper)[pri:0, instance:com.ajio.runner.TestRunner2@50b5ac82]" started-at="2024-06-23T07:07:36Z" name="runScenario" description="Runs Cucumber Scenarios" data-provider="scenarios" finished-at="2024-06-23T07:08:10Z" duration-ms="33681" status="FAIL">
          <params>
            <param index="0">
              <value>
                <![CDATA["Sorting Mens Shirts by Lowest Price"]]>
              </value>
            </param>
            <param index="1">
              <value>
                <![CDATA["Optional[Ajio Mens Shirts]"]]>
              </value>
            </param>
          </params>
          <exception class="java.lang.NullPointerException">
            <message>
              <![CDATA[Cannot invoke "com.ajio.locators.Listt.getNewAccount()" because "com.ajio.AjioSortShirtsByMap.locators" is null]]>
            </message>
            <full-stacktrace>
              <![CDATA[java.lang.NullPointerException: Cannot invoke "com.ajio.locators.Listt.getNewAccount()" because "com.ajio.AjioSortShirtsByMap.locators" is null
at com.ajio.AjioSortShirtsByMap.navigate_to_mens_menu_and_click_on_shirts(AjioSortShirtsByMap.java:40)
at ✽.Navigate to Mens menu and click on Shirts(file:///C:/Users/karun/eclipse-workspace/Ajio/src/test/resources/features/ajioMap.feature:5)
]]>
            </full-stacktrace>
          </exception> <!-- java.lang.NullPointerException -->
          <reporter-output>
          </reporter-output>
        </test-method> <!-- runScenario -->
        <test-method is-config="true" signature="tearDownClass()[pri:0, instance:com.ajio.runner.TestRunner2@50b5ac82]" started-at="2024-06-23T07:08:10Z" name="tearDownClass" finished-at="2024-06-23T07:08:16Z" duration-ms="5495" status="PASS">
          <reporter-output>
          </reporter-output>
        </test-method> <!-- tearDownClass -->
      </class> <!-- com.ajio.runner.TestRunner2 -->
    </test> <!-- test1 -->
  </suite> <!-- Ajio -->
</testng-results>
