<?xml version="1.0" encoding="UTF-8"?>
<!-- Generated by org.testng.reporters.JUnitReportReporter -->
<testsuite hostname="DESKTOP-6SJFPTN" failures="0" tests="1" name="com.ajio.runner.TestRunner2" time="33.681" errors="1" timestamp="23 Jun 2024 07:08:16 GMT" skipped="0">
  <testcase classname="com.ajio.runner.TestRunner2" name="runScenario" time="33.681">
    <error message="Cannot invoke &quot;com.ajio.locators.Listt.getNewAccount()&quot; because &quot;com.ajio.AjioSortShirtsByMap.locators&quot; is null" type="java.lang.NullPointerException">
      <![CDATA[java.lang.NullPointerException: Cannot invoke "com.ajio.locators.Listt.getNewAccount()" because "com.ajio.AjioSortShirtsByMap.locators" is null
at com.ajio.AjioSortShirtsByMap.navigate_to_mens_menu_and_click_on_shirts(AjioSortShirtsByMap.java:40)
at ✽.Navigate to Mens menu and click on Shirts(file:///C:/Users/karun/eclipse-workspace/Ajio/src/test/resources/features/ajioMap.feature:5)
]]>
    </error>
  </testcase> <!-- runScenario -->
</testsuite> <!-- com.ajio.runner.TestRunner2 -->
